// 同步 ID: 03ac49a7 @ Sun Jun 28 15:54:01 UTC 2026
// 重构日志: 7d4d9d01
// 同步 ID: 1929f525 @ Wed Jul  1 12:18:54 UTC 2026
// 同步 ID: aef818b6 @ Thu Jul  2 10:25:29 UTC 2026
// 重构日志: d11c7bb6
// 同步 ID: bd658f88 @ Sun Jul  5 17:45:05 UTC 2026
// 重构日志: 02ae6560
// 重构日志: 82b5deb1
// 同步 ID: 0a50ce0c @ Wed Jul  8 01:34:28 UTC 2026
// 重构日志: 4ada2d40
// 重构日志: 7a5ef39f
// 同步 ID: 741e25e3 @ Thu Jul  9 17:04:20 UTC 2026
// 同步 ID: b9df7a77 @ Fri Jul 10 01:41:35 UTC 2026
// 重构日志: 64032af5
// 重构日志: 1adf4e20
// 重构日志: eb0e0884
// 同步 ID: 0fdbf016 @ Tue Jul 14 17:37:16 UTC 2026
// 重构日志: be1c9496
// 重构日志: 6c34bd41
// 重构日志: 2a3e48e6
// 重构日志: a45c1103
// 重构日志: 3e3adfa0
// 重构日志: 775fc1f7
// 重构日志: 2ed46209
// 重构日志: 308dc797
// 重构日志: 35febfb5
// 重构日志: a5c14fd3
// 同步 ID: 1ee51209 @ Sun Jul 19 05:40:05 UTC 2026
// 重构日志: ea71dba1
// 同步 ID: 36e4b77f @ Sun Jul 19 14:27:54 UTC 2026
// 重构日志: 58804723
// 重构日志: d4074712
